{"uuid":"5fca3bd4-39b9-431c-a792-20fcc5c3b77b","name":"tests.Test","children":["119d8bc9-0acf-4b89-beab-a828f690ee40","1257eca2-918e-4eea-aa28-bf535eec205c"],"befores":[{"name":"prepareBrowserBeforeTests","status":"broken","statusDetails":{"known":false,"muted":false,"flaky":false,"message":"java.lang.NoSuchMethodException: No such accessible constructor on object: ru.cbgr.qa.turbo.elements.TextFieldT","trace":"ru.yandex.qatools.htmlelements.exceptions.HtmlElementsException: java.lang.NoSuchMethodException: No such accessible constructor on object: ru.cbgr.qa.turbo.elements.TextFieldT\r\n\tat ru.yandex.qatools.htmlelements.loader.HtmlElementLoader.createTypifiedElement(HtmlElementLoader.java:134)\r\n\tat ru.yandex.qatools.htmlelements.loader.decorator.HtmlElementDecorator.decorateTypifiedElement(HtmlElementDecorator.java:82)\r\n\tat ru.yandex.qatools.htmlelements.loader.decorator.HtmlElementDecorator.decorate(HtmlElementDecorator.java:55)\r\n\tat org.openqa.selenium.support.PageFactory.proxyFields(PageFactory.java:111)\r\n\tat org.openqa.selenium.support.PageFactory.initElements(PageFactory.java:103)\r\n\tat pages.LoginPage.<init>(LoginPage.java:45)\r\n\tat pages.LoginPage.clickToLoginInAuthPage(LoginPage.java:49)\r\n\tat pages.LoginPage.login(LoginPage.java:101)\r\n\tat pages.LoginPage.checkLoginInSystem(LoginPage.java:93)\r\n\tat base.TestBase.prepareBrowserBeforeTests(TestBase.java:34)\r\n\tat java.base/jdk.internal.reflect.NativeMethodAccessorImpl.invoke0(Native Method)\r\n\tat java.base/jdk.internal.reflect.NativeMethodAccessorImpl.invoke(NativeMethodAccessorImpl.java:77)\r\n\tat java.base/jdk.internal.reflect.DelegatingMethodAccessorImpl.invoke(DelegatingMethodAccessorImpl.java:43)\r\n\tat java.base/java.lang.reflect.Method.invoke(Method.java:568)\r\n\tat org.testng.internal.invokers.MethodInvocationHelper.invokeMethod(MethodInvocationHelper.java:139)\r\n\tat org.testng.internal.invokers.MethodInvocationHelper.invokeMethodConsideringTimeout(MethodInvocationHelper.java:69)\r\n\tat org.testng.internal.invokers.ConfigInvoker.invokeConfigurationMethod(ConfigInvoker.java:361)\r\n\tat org.testng.internal.invokers.ConfigInvoker.invokeConfigurations(ConfigInvoker.java:296)\r\n\tat org.testng.internal.invokers.TestMethodWorker.invokeBeforeClassMethods(TestMethodWorker.java:180)\r\n\tat org.testng.internal.invokers.TestMethodWorker.run(TestMethodWorker.java:122)\r\n\tat java.base/java.util.ArrayList.forEach(ArrayList.java:1511)\r\n\tat org.testng.TestRunner.privateRun(TestRunner.java:806)\r\n\tat org.testng.TestRunner.run(TestRunner.java:601)\r\n\tat org.testng.SuiteRunner.runTest(SuiteRunner.java:433)\r\n\tat org.testng.SuiteRunner.runSequentially(SuiteRunner.java:427)\r\n\tat org.testng.SuiteRunner.privateRun(SuiteRunner.java:387)\r\n\tat org.testng.SuiteRunner.run(SuiteRunner.java:330)\r\n\tat org.testng.SuiteRunnerWorker.runSuite(SuiteRunnerWorker.java:52)\r\n\tat org.testng.SuiteRunnerWorker.run(SuiteRunnerWorker.java:95)\r\n\tat org.testng.TestNG.runSuitesSequentially(TestNG.java:1256)\r\n\tat org.testng.TestNG.runSuitesLocally(TestNG.java:1176)\r\n\tat org.testng.TestNG.runSuites(TestNG.java:1099)\r\n\tat org.testng.TestNG.run(TestNG.java:1067)\r\n\tat com.intellij.rt.testng.IDEARemoteTestNG.run(IDEARemoteTestNG.java:66)\r\n\tat com.intellij.rt.testng.RemoteTestNGStarter.main(RemoteTestNGStarter.java:109)\r\nCaused by: java.lang.NoSuchMethodException: No such accessible constructor on object: ru.cbgr.qa.turbo.elements.TextFieldT\r\n\tat org.apache.commons.lang3.reflect.ConstructorUtils.invokeConstructor(ConstructorUtils.java:115)\r\n\tat org.apache.commons.lang3.reflect.ConstructorUtils.invokeConstructor(ConstructorUtils.java:84)\r\n\tat ru.yandex.qatools.htmlelements.utils.HtmlElementUtils.newInstance(HtmlElementUtils.java:38)\r\n\tat ru.yandex.qatools.htmlelements.loader.HtmlElementLoader.createTypifiedElement(HtmlElementLoader.java:129)\r\n\t... 34 more\r\n"},"stage":"finished","description":"","steps":[{"name":"Проверка что вход в систему произведен","status":"broken","statusDetails":{"known":false,"muted":false,"flaky":false,"message":"java.lang.NoSuchMethodException: No such accessible constructor on object: ru.cbgr.qa.turbo.elements.TextFieldT","trace":"ru.yandex.qatools.htmlelements.exceptions.HtmlElementsException: java.lang.NoSuchMethodException: No such accessible constructor on object: ru.cbgr.qa.turbo.elements.TextFieldT\r\n\tat ru.yandex.qatools.htmlelements.loader.HtmlElementLoader.createTypifiedElement(HtmlElementLoader.java:134)\r\n\tat ru.yandex.qatools.htmlelements.loader.decorator.HtmlElementDecorator.decorateTypifiedElement(HtmlElementDecorator.java:82)\r\n\tat ru.yandex.qatools.htmlelements.loader.decorator.HtmlElementDecorator.decorate(HtmlElementDecorator.java:55)\r\n\tat org.openqa.selenium.support.PageFactory.proxyFields(PageFactory.java:111)\r\n\tat org.openqa.selenium.support.PageFactory.initElements(PageFactory.java:103)\r\n\tat pages.LoginPage.<init>(LoginPage.java:45)\r\n\tat pages.LoginPage.clickToLoginInAuthPage(LoginPage.java:49)\r\n\tat pages.LoginPage.login(LoginPage.java:101)\r\n\tat pages.LoginPage.checkLoginInSystem(LoginPage.java:93)\r\n\tat base.TestBase.prepareBrowserBeforeTests(TestBase.java:34)\r\n\tat java.base/jdk.internal.reflect.NativeMethodAccessorImpl.invoke0(Native Method)\r\n\tat java.base/jdk.internal.reflect.NativeMethodAccessorImpl.invoke(NativeMethodAccessorImpl.java:77)\r\n\tat java.base/jdk.internal.reflect.DelegatingMethodAccessorImpl.invoke(DelegatingMethodAccessorImpl.java:43)\r\n\tat java.base/java.lang.reflect.Method.invoke(Method.java:568)\r\n\tat org.testng.internal.invokers.MethodInvocationHelper.invokeMethod(MethodInvocationHelper.java:139)\r\n\tat org.testng.internal.invokers.MethodInvocationHelper.invokeMethodConsideringTimeout(MethodInvocationHelper.java:69)\r\n\tat org.testng.internal.invokers.ConfigInvoker.invokeConfigurationMethod(ConfigInvoker.java:361)\r\n\tat org.testng.internal.invokers.ConfigInvoker.invokeConfigurations(ConfigInvoker.java:296)\r\n\tat org.testng.internal.invokers.TestMethodWorker.invokeBeforeClassMethods(TestMethodWorker.java:180)\r\n\tat org.testng.internal.invokers.TestMethodWorker.run(TestMethodWorker.java:122)\r\n\tat java.base/java.util.ArrayList.forEach(ArrayList.java:1511)\r\n\tat org.testng.TestRunner.privateRun(TestRunner.java:806)\r\n\tat org.testng.TestRunner.run(TestRunner.java:601)\r\n\tat org.testng.SuiteRunner.runTest(SuiteRunner.java:433)\r\n\tat org.testng.SuiteRunner.runSequentially(SuiteRunner.java:427)\r\n\tat org.testng.SuiteRunner.privateRun(SuiteRunner.java:387)\r\n\tat org.testng.SuiteRunner.run(SuiteRunner.java:330)\r\n\tat org.testng.SuiteRunnerWorker.runSuite(SuiteRunnerWorker.java:52)\r\n\tat org.testng.SuiteRunnerWorker.run(SuiteRunnerWorker.java:95)\r\n\tat org.testng.TestNG.runSuitesSequentially(TestNG.java:1256)\r\n\tat org.testng.TestNG.runSuitesLocally(TestNG.java:1176)\r\n\tat org.testng.TestNG.runSuites(TestNG.java:1099)\r\n\tat org.testng.TestNG.run(TestNG.java:1067)\r\n\tat com.intellij.rt.testng.IDEARemoteTestNG.run(IDEARemoteTestNG.java:66)\r\n\tat com.intellij.rt.testng.RemoteTestNGStarter.main(RemoteTestNGStarter.java:109)\r\nCaused by: java.lang.NoSuchMethodException: No such accessible constructor on object: ru.cbgr.qa.turbo.elements.TextFieldT\r\n\tat org.apache.commons.lang3.reflect.ConstructorUtils.invokeConstructor(ConstructorUtils.java:115)\r\n\tat org.apache.commons.lang3.reflect.ConstructorUtils.invokeConstructor(ConstructorUtils.java:84)\r\n\tat ru.yandex.qatools.htmlelements.utils.HtmlElementUtils.newInstance(HtmlElementUtils.java:38)\r\n\tat ru.yandex.qatools.htmlelements.loader.HtmlElementLoader.createTypifiedElement(HtmlElementLoader.java:129)\r\n\t... 34 more\r\n"},"stage":"finished","steps":[{"name":"Вход в систему","status":"broken","statusDetails":{"known":false,"muted":false,"flaky":false,"message":"java.lang.NoSuchMethodException: No such accessible constructor on object: ru.cbgr.qa.turbo.elements.TextFieldT","trace":"ru.yandex.qatools.htmlelements.exceptions.HtmlElementsException: java.lang.NoSuchMethodException: No such accessible constructor on object: ru.cbgr.qa.turbo.elements.TextFieldT\r\n\tat ru.yandex.qatools.htmlelements.loader.HtmlElementLoader.createTypifiedElement(HtmlElementLoader.java:134)\r\n\tat ru.yandex.qatools.htmlelements.loader.decorator.HtmlElementDecorator.decorateTypifiedElement(HtmlElementDecorator.java:82)\r\n\tat ru.yandex.qatools.htmlelements.loader.decorator.HtmlElementDecorator.decorate(HtmlElementDecorator.java:55)\r\n\tat org.openqa.selenium.support.PageFactory.proxyFields(PageFactory.java:111)\r\n\tat org.openqa.selenium.support.PageFactory.initElements(PageFactory.java:103)\r\n\tat pages.LoginPage.<init>(LoginPage.java:45)\r\n\tat pages.LoginPage.clickToLoginInAuthPage(LoginPage.java:49)\r\n\tat pages.LoginPage.login(LoginPage.java:101)\r\n\tat pages.LoginPage.checkLoginInSystem(LoginPage.java:93)\r\n\tat base.TestBase.prepareBrowserBeforeTests(TestBase.java:34)\r\n\tat java.base/jdk.internal.reflect.NativeMethodAccessorImpl.invoke0(Native Method)\r\n\tat java.base/jdk.internal.reflect.NativeMethodAccessorImpl.invoke(NativeMethodAccessorImpl.java:77)\r\n\tat java.base/jdk.internal.reflect.DelegatingMethodAccessorImpl.invoke(DelegatingMethodAccessorImpl.java:43)\r\n\tat java.base/java.lang.reflect.Method.invoke(Method.java:568)\r\n\tat org.testng.internal.invokers.MethodInvocationHelper.invokeMethod(MethodInvocationHelper.java:139)\r\n\tat org.testng.internal.invokers.MethodInvocationHelper.invokeMethodConsideringTimeout(MethodInvocationHelper.java:69)\r\n\tat org.testng.internal.invokers.ConfigInvoker.invokeConfigurationMethod(ConfigInvoker.java:361)\r\n\tat org.testng.internal.invokers.ConfigInvoker.invokeConfigurations(ConfigInvoker.java:296)\r\n\tat org.testng.internal.invokers.TestMethodWorker.invokeBeforeClassMethods(TestMethodWorker.java:180)\r\n\tat org.testng.internal.invokers.TestMethodWorker.run(TestMethodWorker.java:122)\r\n\tat java.base/java.util.ArrayList.forEach(ArrayList.java:1511)\r\n\tat org.testng.TestRunner.privateRun(TestRunner.java:806)\r\n\tat org.testng.TestRunner.run(TestRunner.java:601)\r\n\tat org.testng.SuiteRunner.runTest(SuiteRunner.java:433)\r\n\tat org.testng.SuiteRunner.runSequentially(SuiteRunner.java:427)\r\n\tat org.testng.SuiteRunner.privateRun(SuiteRunner.java:387)\r\n\tat org.testng.SuiteRunner.run(SuiteRunner.java:330)\r\n\tat org.testng.SuiteRunnerWorker.runSuite(SuiteRunnerWorker.java:52)\r\n\tat org.testng.SuiteRunnerWorker.run(SuiteRunnerWorker.java:95)\r\n\tat org.testng.TestNG.runSuitesSequentially(TestNG.java:1256)\r\n\tat org.testng.TestNG.runSuitesLocally(TestNG.java:1176)\r\n\tat org.testng.TestNG.runSuites(TestNG.java:1099)\r\n\tat org.testng.TestNG.run(TestNG.java:1067)\r\n\tat com.intellij.rt.testng.IDEARemoteTestNG.run(IDEARemoteTestNG.java:66)\r\n\tat com.intellij.rt.testng.RemoteTestNGStarter.main(RemoteTestNGStarter.java:109)\r\nCaused by: java.lang.NoSuchMethodException: No such accessible constructor on object: ru.cbgr.qa.turbo.elements.TextFieldT\r\n\tat org.apache.commons.lang3.reflect.ConstructorUtils.invokeConstructor(ConstructorUtils.java:115)\r\n\tat org.apache.commons.lang3.reflect.ConstructorUtils.invokeConstructor(ConstructorUtils.java:84)\r\n\tat ru.yandex.qatools.htmlelements.utils.HtmlElementUtils.newInstance(HtmlElementUtils.java:38)\r\n\tat ru.yandex.qatools.htmlelements.loader.HtmlElementLoader.createTypifiedElement(HtmlElementLoader.java:129)\r\n\t... 34 more\r\n"},"stage":"finished","steps":[],"attachments":[],"parameters":[],"start":1669378866368,"stop":1669378868553}],"attachments":[],"parameters":[],"start":1669378866270,"stop":1669378868554}],"attachments":[],"parameters":[],"start":1669378866120,"stop":1669378868555}],"afters":[],"start":1669378866079,"stop":1669378868940}