{"uuid":"79a65db4-0f92-45d8-a2b2-b796e7c10ead","name":"tests.ServiceTests.WaitTurboUpdateTest","children":["4ff22c18-d3ee-4ae9-b7c4-3769769be72e","af6dd49a-aeb0-4dd1-a9b1-71baa55c1e27"],"befores":[{"name":"prepareBrowserBeforeTests","status":"broken","statusDetails":{"known":false,"muted":false,"flaky":false,"message":"Cannot invoke \"String.equalsIgnoreCase(String)\" because the return value of \"org.openqa.selenium.WebElement.getAttribute(String)\" is null","trace":"java.lang.NullPointerException: Cannot invoke \"String.equalsIgnoreCase(String)\" because the return value of \"org.openqa.selenium.WebElement.getAttribute(String)\" is null\r\n\tat ru.cbgr.qa.turbo.elements.CheckBoxT.checkboxValidation(CheckBoxT.java:37)\r\n\tat ru.cbgr.qa.turbo.elements.CheckBoxT.enableCheckBox(CheckBoxT.java:12)\r\n\tat pages.LoginPage.clickToLoginInAuthPage(LoginPage.java:61)\r\n\tat pages.LoginPage.login(LoginPage.java:96)\r\n\tat pages.LoginPage.checkLoginInSystem(LoginPage.java:88)\r\n\tat base.TestBase.prepareBrowserBeforeTests(TestBase.java:33)\r\n\tat java.base/jdk.internal.reflect.NativeMethodAccessorImpl.invoke0(Native Method)\r\n\tat java.base/jdk.internal.reflect.NativeMethodAccessorImpl.invoke(NativeMethodAccessorImpl.java:77)\r\n\tat java.base/jdk.internal.reflect.DelegatingMethodAccessorImpl.invoke(DelegatingMethodAccessorImpl.java:43)\r\n\tat java.base/java.lang.reflect.Method.invoke(Method.java:568)\r\n\tat org.testng.internal.invokers.MethodInvocationHelper.invokeMethod(MethodInvocationHelper.java:139)\r\n\tat org.testng.internal.invokers.MethodInvocationHelper.invokeMethodConsideringTimeout(MethodInvocationHelper.java:69)\r\n\tat org.testng.internal.invokers.ConfigInvoker.invokeConfigurationMethod(ConfigInvoker.java:361)\r\n\tat org.testng.internal.invokers.ConfigInvoker.invokeConfigurations(ConfigInvoker.java:296)\r\n\tat org.testng.internal.invokers.TestMethodWorker.invokeBeforeClassMethods(TestMethodWorker.java:180)\r\n\tat org.testng.internal.invokers.TestMethodWorker.run(TestMethodWorker.java:122)\r\n\tat java.base/java.util.ArrayList.forEach(ArrayList.java:1511)\r\n\tat org.testng.TestRunner.privateRun(TestRunner.java:806)\r\n\tat org.testng.TestRunner.run(TestRunner.java:601)\r\n\tat org.testng.SuiteRunner.runTest(SuiteRunner.java:433)\r\n\tat org.testng.SuiteRunner.runSequentially(SuiteRunner.java:427)\r\n\tat org.testng.SuiteRunner.privateRun(SuiteRunner.java:387)\r\n\tat org.testng.SuiteRunner.run(SuiteRunner.java:330)\r\n\tat org.testng.SuiteRunnerWorker.runSuite(SuiteRunnerWorker.java:52)\r\n\tat org.testng.SuiteRunnerWorker.run(SuiteRunnerWorker.java:95)\r\n\tat org.testng.TestNG.runSuitesSequentially(TestNG.java:1256)\r\n\tat org.testng.TestNG.runSuitesLocally(TestNG.java:1176)\r\n\tat org.testng.TestNG.runSuites(TestNG.java:1099)\r\n\tat org.testng.TestNG.run(TestNG.java:1067)\r\n\tat com.intellij.rt.testng.IDEARemoteTestNG.run(IDEARemoteTestNG.java:66)\r\n\tat com.intellij.rt.testng.RemoteTestNGStarter.main(RemoteTestNGStarter.java:109)\r\n"},"stage":"finished","description":"","steps":[{"name":"Проверка что вход в систему произведен","status":"broken","statusDetails":{"known":false,"muted":false,"flaky":false,"message":"Cannot invoke \"String.equalsIgnoreCase(String)\" because the return value of \"org.openqa.selenium.WebElement.getAttribute(String)\" is null","trace":"java.lang.NullPointerException: Cannot invoke \"String.equalsIgnoreCase(String)\" because the return value of \"org.openqa.selenium.WebElement.getAttribute(String)\" is null\r\n\tat ru.cbgr.qa.turbo.elements.CheckBoxT.checkboxValidation(CheckBoxT.java:37)\r\n\tat ru.cbgr.qa.turbo.elements.CheckBoxT.enableCheckBox(CheckBoxT.java:12)\r\n\tat pages.LoginPage.clickToLoginInAuthPage(LoginPage.java:61)\r\n\tat pages.LoginPage.login(LoginPage.java:96)\r\n\tat pages.LoginPage.checkLoginInSystem(LoginPage.java:88)\r\n\tat base.TestBase.prepareBrowserBeforeTests(TestBase.java:33)\r\n\tat java.base/jdk.internal.reflect.NativeMethodAccessorImpl.invoke0(Native Method)\r\n\tat java.base/jdk.internal.reflect.NativeMethodAccessorImpl.invoke(NativeMethodAccessorImpl.java:77)\r\n\tat java.base/jdk.internal.reflect.DelegatingMethodAccessorImpl.invoke(DelegatingMethodAccessorImpl.java:43)\r\n\tat java.base/java.lang.reflect.Method.invoke(Method.java:568)\r\n\tat org.testng.internal.invokers.MethodInvocationHelper.invokeMethod(MethodInvocationHelper.java:139)\r\n\tat org.testng.internal.invokers.MethodInvocationHelper.invokeMethodConsideringTimeout(MethodInvocationHelper.java:69)\r\n\tat org.testng.internal.invokers.ConfigInvoker.invokeConfigurationMethod(ConfigInvoker.java:361)\r\n\tat org.testng.internal.invokers.ConfigInvoker.invokeConfigurations(ConfigInvoker.java:296)\r\n\tat org.testng.internal.invokers.TestMethodWorker.invokeBeforeClassMethods(TestMethodWorker.java:180)\r\n\tat org.testng.internal.invokers.TestMethodWorker.run(TestMethodWorker.java:122)\r\n\tat java.base/java.util.ArrayList.forEach(ArrayList.java:1511)\r\n\tat org.testng.TestRunner.privateRun(TestRunner.java:806)\r\n\tat org.testng.TestRunner.run(TestRunner.java:601)\r\n\tat org.testng.SuiteRunner.runTest(SuiteRunner.java:433)\r\n\tat org.testng.SuiteRunner.runSequentially(SuiteRunner.java:427)\r\n\tat org.testng.SuiteRunner.privateRun(SuiteRunner.java:387)\r\n\tat org.testng.SuiteRunner.run(SuiteRunner.java:330)\r\n\tat org.testng.SuiteRunnerWorker.runSuite(SuiteRunnerWorker.java:52)\r\n\tat org.testng.SuiteRunnerWorker.run(SuiteRunnerWorker.java:95)\r\n\tat org.testng.TestNG.runSuitesSequentially(TestNG.java:1256)\r\n\tat org.testng.TestNG.runSuitesLocally(TestNG.java:1176)\r\n\tat org.testng.TestNG.runSuites(TestNG.java:1099)\r\n\tat org.testng.TestNG.run(TestNG.java:1067)\r\n\tat com.intellij.rt.testng.IDEARemoteTestNG.run(IDEARemoteTestNG.java:66)\r\n\tat com.intellij.rt.testng.RemoteTestNGStarter.main(RemoteTestNGStarter.java:109)\r\n"},"stage":"finished","steps":[{"name":"Вход в систему","status":"broken","statusDetails":{"known":false,"muted":false,"flaky":false,"message":"Cannot invoke \"String.equalsIgnoreCase(String)\" because the return value of \"org.openqa.selenium.WebElement.getAttribute(String)\" is null","trace":"java.lang.NullPointerException: Cannot invoke \"String.equalsIgnoreCase(String)\" because the return value of \"org.openqa.selenium.WebElement.getAttribute(String)\" is null\r\n\tat ru.cbgr.qa.turbo.elements.CheckBoxT.checkboxValidation(CheckBoxT.java:37)\r\n\tat ru.cbgr.qa.turbo.elements.CheckBoxT.enableCheckBox(CheckBoxT.java:12)\r\n\tat pages.LoginPage.clickToLoginInAuthPage(LoginPage.java:61)\r\n\tat pages.LoginPage.login(LoginPage.java:96)\r\n\tat pages.LoginPage.checkLoginInSystem(LoginPage.java:88)\r\n\tat base.TestBase.prepareBrowserBeforeTests(TestBase.java:33)\r\n\tat java.base/jdk.internal.reflect.NativeMethodAccessorImpl.invoke0(Native Method)\r\n\tat java.base/jdk.internal.reflect.NativeMethodAccessorImpl.invoke(NativeMethodAccessorImpl.java:77)\r\n\tat java.base/jdk.internal.reflect.DelegatingMethodAccessorImpl.invoke(DelegatingMethodAccessorImpl.java:43)\r\n\tat java.base/java.lang.reflect.Method.invoke(Method.java:568)\r\n\tat org.testng.internal.invokers.MethodInvocationHelper.invokeMethod(MethodInvocationHelper.java:139)\r\n\tat org.testng.internal.invokers.MethodInvocationHelper.invokeMethodConsideringTimeout(MethodInvocationHelper.java:69)\r\n\tat org.testng.internal.invokers.ConfigInvoker.invokeConfigurationMethod(ConfigInvoker.java:361)\r\n\tat org.testng.internal.invokers.ConfigInvoker.invokeConfigurations(ConfigInvoker.java:296)\r\n\tat org.testng.internal.invokers.TestMethodWorker.invokeBeforeClassMethods(TestMethodWorker.java:180)\r\n\tat org.testng.internal.invokers.TestMethodWorker.run(TestMethodWorker.java:122)\r\n\tat java.base/java.util.ArrayList.forEach(ArrayList.java:1511)\r\n\tat org.testng.TestRunner.privateRun(TestRunner.java:806)\r\n\tat org.testng.TestRunner.run(TestRunner.java:601)\r\n\tat org.testng.SuiteRunner.runTest(SuiteRunner.java:433)\r\n\tat org.testng.SuiteRunner.runSequentially(SuiteRunner.java:427)\r\n\tat org.testng.SuiteRunner.privateRun(SuiteRunner.java:387)\r\n\tat org.testng.SuiteRunner.run(SuiteRunner.java:330)\r\n\tat org.testng.SuiteRunnerWorker.runSuite(SuiteRunnerWorker.java:52)\r\n\tat org.testng.SuiteRunnerWorker.run(SuiteRunnerWorker.java:95)\r\n\tat org.testng.TestNG.runSuitesSequentially(TestNG.java:1256)\r\n\tat org.testng.TestNG.runSuitesLocally(TestNG.java:1176)\r\n\tat org.testng.TestNG.runSuites(TestNG.java:1099)\r\n\tat org.testng.TestNG.run(TestNG.java:1067)\r\n\tat com.intellij.rt.testng.IDEARemoteTestNG.run(IDEARemoteTestNG.java:66)\r\n\tat com.intellij.rt.testng.RemoteTestNGStarter.main(RemoteTestNGStarter.java:109)\r\n"},"stage":"finished","steps":[{"name":"Клик на текстовое поле 'Текстовое поле \"Имя пользователя\"'","status":"passed","stage":"finished","steps":[],"attachments":[],"parameters":[{"name":"name","value":"Текстовое поле \"Имя пользователя\""}],"start":1669392688536,"stop":1669392688649},{"name":"Ввод 'ltest37' в текстовое поле 'Имя пользователя'","status":"passed","stage":"finished","steps":[],"attachments":[],"parameters":[{"name":"text","value":"ltest37"},{"name":"name","value":"Имя пользователя"}],"start":1669392688649,"stop":1669392688725},{"name":"Клик на кнопку 'Кнопка \"Вход\"'","status":"passed","stage":"finished","steps":[],"attachments":[],"parameters":[{"name":"name","value":"Кнопка \"Вход\""}],"start":1669392688725,"stop":1669392688806},{"name":"Поставить галочку в чек бокс 'Отключить пользователя и продолжить'","status":"broken","statusDetails":{"known":false,"muted":false,"flaky":false,"message":"Cannot invoke \"String.equalsIgnoreCase(String)\" because the return value of \"org.openqa.selenium.WebElement.getAttribute(String)\" is null","trace":"java.lang.NullPointerException: Cannot invoke \"String.equalsIgnoreCase(String)\" because the return value of \"org.openqa.selenium.WebElement.getAttribute(String)\" is null\r\n\tat ru.cbgr.qa.turbo.elements.CheckBoxT.checkboxValidation(CheckBoxT.java:37)\r\n\tat ru.cbgr.qa.turbo.elements.CheckBoxT.enableCheckBox(CheckBoxT.java:12)\r\n\tat pages.LoginPage.clickToLoginInAuthPage(LoginPage.java:61)\r\n\tat pages.LoginPage.login(LoginPage.java:96)\r\n\tat pages.LoginPage.checkLoginInSystem(LoginPage.java:88)\r\n\tat base.TestBase.prepareBrowserBeforeTests(TestBase.java:33)\r\n\tat java.base/jdk.internal.reflect.NativeMethodAccessorImpl.invoke0(Native Method)\r\n\tat java.base/jdk.internal.reflect.NativeMethodAccessorImpl.invoke(NativeMethodAccessorImpl.java:77)\r\n\tat java.base/jdk.internal.reflect.DelegatingMethodAccessorImpl.invoke(DelegatingMethodAccessorImpl.java:43)\r\n\tat java.base/java.lang.reflect.Method.invoke(Method.java:568)\r\n\tat org.testng.internal.invokers.MethodInvocationHelper.invokeMethod(MethodInvocationHelper.java:139)\r\n\tat org.testng.internal.invokers.MethodInvocationHelper.invokeMethodConsideringTimeout(MethodInvocationHelper.java:69)\r\n\tat org.testng.internal.invokers.ConfigInvoker.invokeConfigurationMethod(ConfigInvoker.java:361)\r\n\tat org.testng.internal.invokers.ConfigInvoker.invokeConfigurations(ConfigInvoker.java:296)\r\n\tat org.testng.internal.invokers.TestMethodWorker.invokeBeforeClassMethods(TestMethodWorker.java:180)\r\n\tat org.testng.internal.invokers.TestMethodWorker.run(TestMethodWorker.java:122)\r\n\tat java.base/java.util.ArrayList.forEach(ArrayList.java:1511)\r\n\tat org.testng.TestRunner.privateRun(TestRunner.java:806)\r\n\tat org.testng.TestRunner.run(TestRunner.java:601)\r\n\tat org.testng.SuiteRunner.runTest(SuiteRunner.java:433)\r\n\tat org.testng.SuiteRunner.runSequentially(SuiteRunner.java:427)\r\n\tat org.testng.SuiteRunner.privateRun(SuiteRunner.java:387)\r\n\tat org.testng.SuiteRunner.run(SuiteRunner.java:330)\r\n\tat org.testng.SuiteRunnerWorker.runSuite(SuiteRunnerWorker.java:52)\r\n\tat org.testng.SuiteRunnerWorker.run(SuiteRunnerWorker.java:95)\r\n\tat org.testng.TestNG.runSuitesSequentially(TestNG.java:1256)\r\n\tat org.testng.TestNG.runSuitesLocally(TestNG.java:1176)\r\n\tat org.testng.TestNG.runSuites(TestNG.java:1099)\r\n\tat org.testng.TestNG.run(TestNG.java:1067)\r\n\tat com.intellij.rt.testng.IDEARemoteTestNG.run(IDEARemoteTestNG.java:66)\r\n\tat com.intellij.rt.testng.RemoteTestNGStarter.main(RemoteTestNGStarter.java:109)\r\n"},"stage":"finished","steps":[],"attachments":[],"parameters":[{"name":"name","value":"Отключить пользователя и продолжить"}],"start":1669392689857,"stop":1669392689890}],"attachments":[],"parameters":[],"start":1669392686487,"stop":1669392689890}],"attachments":[],"parameters":[],"start":1669392686415,"stop":1669392689890}],"attachments":[],"parameters":[],"start":1669392686291,"stop":1669392689890}],"afters":[],"start":1669392686230,"stop":1669392690182}